<?xml version="1.0" encoding="UTF-8"?>
<!-- Generated by org.testng.reporters.JUnitXMLReporter -->
<testsuite ignored="0" hostname="DESKTOP-KBNET8L" failures="1" tests="1" name="Login Test" time="0.182" errors="0" timestamp="2022-10-22T23:35:34 IST">
  <testcase classname="testCases.HardAssert" name="validateTitles" time="0.038">
    <failure type="java.lang.AssertionError" message="expected [false] but found [true]">
      <![CDATA[java.lang.AssertionError: expected [false] but found [true]
at testCases.HardAssert.validateTitles(HardAssert.java:23)
at java.base/java.util.ArrayList.forEach(ArrayList.java:1511)
... Removed 33 stack frames]]>
    </failure>
  </testcase> <!-- validateTitles -->
</testsuite> <!-- Login Test -->
