<?xml version="1.0" encoding="UTF-8"?>
<!-- Generated by org.testng.reporters.JUnitXMLReporter -->
<testsuite ignored="0" hostname="DESKTOP-KBNET8L" failures="0" tests="4" name="Regression Login Test" time="0.067" errors="0" timestamp="2022-10-22T22:09:55 IST">
  <testcase classname="regression.TestDepensOn" name="doUserReg" time="0.006"/>
  <testcase classname="regression.TestDepensOn" name="doLogin" time="0.002"/>
  <testcase classname="regression.TestDepensOn" name="fourthTest" time="0.001"/>
  <testcase classname="regression.TestDepensOn" name="thirdTest" time="0.002"/>
</testsuite> <!-- Regression Login Test -->
