<?xml version="1.0" encoding="UTF-8"?>
<!-- Generated by org.testng.reporters.JUnitXMLReporter -->
<testsuite ignored="1" hostname="DESKTOP-KBNET8L" failures="0" tests="1" name="Regression Validate Title Test" time="0.016" errors="0" timestamp="2022-10-22T22:09:55 IST">
  <testcase classname="regression.ReUsableMethods" name="doLogin" time="0.002"/>
  <testcase classname="regression.ReUsableMethods" name="doUserReg" time="0.0">
    <ignored/>
  </testcase> <!-- doUserReg -->
</testsuite> <!-- Regression Validate Title Test -->
